<?xml version="1.0" encoding="UTF-8"?>
<!-- Generated by org.testng.reporters.JUnitReportReporter -->
<testsuite hostname="DESKTOP-4T91LG9" failures="0" tests="1" name="application.register.TC_RF_001" time="8.584" errors="0" timestamp="2025-06-08T14:35:30 ICT" skipped="0">
  <testcase classname="application.register.TC_RF_001" name="verifyRegisteringWithMandatoryFields" time="8.584"/>
</testsuite> <!-- application.register.TC_RF_001 -->
