<?xml version="1.0" encoding="UTF-8"?>
<!-- Generated by org.testng.reporters.JUnitReportReporter -->
<testsuite hostname="DESKTOP-4T91LG9" failures="0" tests="1" name="application.register.TC_RF_007" time="2.923" errors="0" timestamp="2025-06-08T16:11:27 ICT" skipped="0">
  <testcase classname="application.register.TC_RF_007" name="verifyDiffirentWwayNavigateToRegisterPage" time="2.923"/>
</testsuite> <!-- application.register.TC_RF_007 -->
