<?xml version="1.0" encoding="UTF-8"?>
<!-- Generated by org.testng.reporters.JUnitReportReporter -->
<testsuite hostname="DESKTOP-4T91LG9" failures="0" tests="1" name="application.register.TC_RF_004" time="2.264" errors="0" timestamp="2025-06-04T01:07:07 ICT" skipped="0">
  <testcase classname="application.register.TC_RF_004" name="verifyWarningWhenDoNotProvideAnything" time="2.264"/>
</testsuite> <!-- application.register.TC_RF_004 -->
