<?xml version="1.0" encoding="UTF-8"?>
<!-- Generated by org.testng.reporters.JUnitReportReporter -->
<testsuite hostname="DESKTOP-4T91LG9" failures="0" tests="1" name="application.register.TC_RF_004" time="4.749" errors="0" timestamp="2025-06-08T13:55:04 ICT" skipped="0">
  <testcase classname="application.register.TC_RF_004" name="verifyWarningWhenDoNotProvideAnything" time="4.749"/>
</testsuite> <!-- application.register.TC_RF_004 -->
