<?xml version="1.0" encoding="UTF-8"?>
<!-- Generated by org.testng.reporters.JUnitReportReporter -->
<testsuite hostname="DESKTOP-4T91LG9" failures="0" tests="1" name="application.register.TC_RF_006" time="22.809" errors="0" timestamp="2025-06-08T15:19:44 ICT" skipped="0">
  <testcase classname="application.register.TC_RF_006" name="verifyYesOption" time="22.809"/>
</testsuite> <!-- application.register.TC_RF_006 -->
