<?xml version="1.0" encoding="UTF-8"?>
<!-- Generated by org.testng.reporters.JUnitReportReporter -->
<testsuite hostname="DESKTOP-4T91LG9" failures="0" tests="1" name="application.register.TC_RF_001" time="5.434" errors="0" timestamp="2025-05-27T22:31:39 ICT" skipped="0">
  <testcase classname="application.register.TC_RF_001" name="verifyRegisteringWithMandatoryFields" time="5.434"/>
</testsuite> <!-- application.register.TC_RF_001 -->
