<?xml version="1.0" encoding="UTF-8"?>
<!-- Generated by org.testng.reporters.JUnitReportReporter -->
<testsuite hostname="DESKTOP-4T91LG9" failures="0" tests="1" name="application.register.TC_RF_005" time="3.753" errors="0" timestamp="2025-06-08T14:47:57 ICT" skipped="0">
  <testcase classname="application.register.TC_RF_005" name="verifyNoOption" time="3.753"/>
</testsuite> <!-- application.register.TC_RF_005 -->
