<?xml version="1.0" encoding="UTF-8"?>
<!-- Generated by org.testng.reporters.JUnitReportReporter -->
<testsuite hostname="DESKTOP-4T91LG9" failures="0" tests="1" name="application.register.TC_RF_001" time="12.476" errors="0" timestamp="2025-05-30T00:35:55 ICT" skipped="0">
  <testcase classname="application.register.TC_RF_001" name="verifyRegisteringWithMandatoryFields" time="12.476"/>
</testsuite> <!-- application.register.TC_RF_001 -->
